function createFormatWrap(opts) {
    return new Format(opts);
  } [debug] -----------------------------------
function createFormatWrap(opts) {
    return new Format(opts);
  } [debug] |       Start Express Server       |
function createFormatWrap(opts) {
    return new Format(opts);
  } [debug] -----------------------------------
function createFormatWrap(opts) {
    return new Format(opts);
  } [debug] server address => http://192.168.0.9:3000
function createFormatWrap(opts) {
    return new Format(opts);
  } [debug] -----------------------------------
function createFormatWrap(opts) {
    return new Format(opts);
  } [debug] 클라이언트가 접속했습니다.
function createFormatWrap(opts) {
    return new Format(opts);
  } [debug] [client]::ffff:192.168.0.9/OS X/Chrome(96.0.4664.110) /Apple Mac
function createFormatWrap(opts) {
    return new Format(opts);
  } [debug] [GET]http://192.168.0.9:3000/ex08-3/send_delete_by_form.html
function createFormatWrap(opts) {
    return new Format(opts);
  } [debug] 클라이언트의 접속이 종료되었습니다. ::: [runtime]15ms
function createFormatWrap(opts) {
    return new Format(opts);
  } [debug] ----------------------------------------
function createFormatWrap(opts) {
    return new Format(opts);
  } [debug] 클라이언트가 접속했습니다.
function createFormatWrap(opts) {
    return new Format(opts);
  } [debug] [client]::ffff:192.168.0.9/OS X/Chrome(96.0.4664.110) /Apple Mac
function createFormatWrap(opts) {
    return new Format(opts);
  } [debug] [GET]http://192.168.0.9:3000/favicon.ico
function createFormatWrap(opts) {
    return new Format(opts);
  } [debug] 클라이언트의 접속이 종료되었습니다. ::: [runtime]9ms
function createFormatWrap(opts) {
    return new Format(opts);
  } [debug] ----------------------------------------
function createFormatWrap(opts) {
    return new Format(opts);
  } [debug] 클라이언트가 접속했습니다.
function createFormatWrap(opts) {
    return new Format(opts);
  } [debug] [client]::ffff:192.168.0.9/OS X/Chrome(96.0.4664.110) /Apple Mac
function createFormatWrap(opts) {
    return new Format(opts);
  } [debug] [POST]http://192.168.0.9:3000/send_delete?_method=DELETE
function createFormatWrap(opts) {
    return new Format(opts);
  } [debug] 프론트엔드로부터 전달받은 변수 ::: username=김경의
function createFormatWrap(opts) {
    return new Format(opts);
  } [debug] 프론트엔드로부터 전달받은 변수 ::: point=-1
function createFormatWrap(opts) {
    return new Format(opts);
  } [debug] 클라이언트의 접속이 종료되었습니다. ::: [runtime]42ms
function createFormatWrap(opts) {
    return new Format(opts);
  } [debug] ----------------------------------------
function createFormatWrap(opts) {
    return new Format(opts);
  } [debug] 클라이언트가 접속했습니다.
function createFormatWrap(opts) {
    return new Format(opts);
  } [debug] [client]::ffff:192.168.0.9/OS X/Chrome(96.0.4664.110) /Apple Mac
function createFormatWrap(opts) {
    return new Format(opts);
  } [debug] [GET]http://192.168.0.9:3000/ex08-3/send_post_by_form.html
function createFormatWrap(opts) {
    return new Format(opts);
  } [debug] 클라이언트의 접속이 종료되었습니다. ::: [runtime]1ms
function createFormatWrap(opts) {
    return new Format(opts);
  } [debug] ----------------------------------------
function createFormatWrap(opts) {
    return new Format(opts);
  } [debug] 클라이언트가 접속했습니다.
function createFormatWrap(opts) {
    return new Format(opts);
  } [debug] [client]::ffff:192.168.0.9/OS X/Chrome(96.0.4664.110) /Apple Mac
function createFormatWrap(opts) {
    return new Format(opts);
  } [debug] [POST]http://192.168.0.9:3000/send_post
function createFormatWrap(opts) {
    return new Format(opts);
  } [debug] 프론트엔드로부터 전달받은 변수 ::: username=
function createFormatWrap(opts) {
    return new Format(opts);
  } [debug] 프론트엔드로부터 전달받은 변수 ::: email=
function createFormatWrap(opts) {
    return new Format(opts);
  } [debug] 클라이언트의 접속이 종료되었습니다. ::: [runtime]3ms
function createFormatWrap(opts) {
    return new Format(opts);
  } [debug] ----------------------------------------
function createFormatWrap(opts) {
    return new Format(opts);
  } [debug] 클라이언트가 접속했습니다.
function createFormatWrap(opts) {
    return new Format(opts);
  } [debug] [client]::ffff:192.168.0.9/OS X/Chrome(96.0.4664.110) /Apple Mac
function createFormatWrap(opts) {
    return new Format(opts);
  } [debug] [POST]http://192.168.0.9:3000/send_post
function createFormatWrap(opts) {
    return new Format(opts);
  } [debug] 프론트엔드로부터 전달받은 변수 ::: username=김경의
function createFormatWrap(opts) {
    return new Format(opts);
  } [debug] 프론트엔드로부터 전달받은 변수 ::: email=sss@ddd.com
function createFormatWrap(opts) {
    return new Format(opts);
  } [debug] 클라이언트의 접속이 종료되었습니다. ::: [runtime]2ms
function createFormatWrap(opts) {
    return new Format(opts);
  } [debug] ----------------------------------------
function createFormatWrap(opts) {
    return new Format(opts);
  } [debug] 클라이언트가 접속했습니다.
function createFormatWrap(opts) {
    return new Format(opts);
  } [debug] [client]::ffff:192.168.0.9/OS X/Chrome(96.0.4664.110) /Apple Mac
function createFormatWrap(opts) {
    return new Format(opts);
  } [debug] [GET]http://192.168.0.9:3000/ex08-3/send_put_by_form.html
function createFormatWrap(opts) {
    return new Format(opts);
  } [debug] 클라이언트의 접속이 종료되었습니다. ::: [runtime]1ms
function createFormatWrap(opts) {
    return new Format(opts);
  } [debug] ----------------------------------------
function createFormatWrap(opts) {
    return new Format(opts);
  } [debug] 클라이언트가 접속했습니다.
function createFormatWrap(opts) {
    return new Format(opts);
  } [debug] [client]::ffff:192.168.0.9/OS X/Chrome(96.0.4664.110) /Apple Mac
function createFormatWrap(opts) {
    return new Format(opts);
  } [debug] [GET]http://192.168.0.9:3000/ex08-3/send_put_by_form.html
function createFormatWrap(opts) {
    return new Format(opts);
  } [debug] 클라이언트의 접속이 종료되었습니다. ::: [runtime]6ms
function createFormatWrap(opts) {
    return new Format(opts);
  } [debug] ----------------------------------------
function createFormatWrap(opts) {
    return new Format(opts);
  } [debug] 클라이언트가 접속했습니다.
function createFormatWrap(opts) {
    return new Format(opts);
  } [debug] [client]::ffff:192.168.0.9/OS X/Chrome(96.0.4664.110) /Apple Mac
function createFormatWrap(opts) {
    return new Format(opts);
  } [debug] [POST]http://192.168.0.9:3000/send_put?_method=PUT
function createFormatWrap(opts) {
    return new Format(opts);
  } [debug] 클라이언트의 접속이 종료되었습니다. ::: [runtime]1ms
function createFormatWrap(opts) {
    return new Format(opts);
  } [debug] ----------------------------------------
function createFormatWrap(opts) {
    return new Format(opts);
  } [debug] -----------------------------------
function createFormatWrap(opts) {
    return new Format(opts);
  } [debug] |       Start Express Server       |
function createFormatWrap(opts) {
    return new Format(opts);
  } [debug] -----------------------------------
function createFormatWrap(opts) {
    return new Format(opts);
  } [debug] server address => http://192.168.0.9:3000
function createFormatWrap(opts) {
    return new Format(opts);
  } [debug] -----------------------------------
function createFormatWrap(opts) {
    return new Format(opts);
  } [debug] 클라이언트가 접속했습니다.
function createFormatWrap(opts) {
    return new Format(opts);
  } [debug] [client]::ffff:192.168.0.9/OS X/Chrome(96.0.4664.110) /Apple Mac
function createFormatWrap(opts) {
    return new Format(opts);
  } [debug] [GET]http://192.168.0.9:3000/
function createFormatWrap(opts) {
    return new Format(opts);
  } [debug] 클라이언트의 접속이 종료되었습니다. ::: [runtime]8ms
function createFormatWrap(opts) {
    return new Format(opts);
  } [debug] ----------------------------------------
function createFormatWrap(opts) {
    return new Format(opts);
  } [debug] 클라이언트가 접속했습니다.
function createFormatWrap(opts) {
    return new Format(opts);
  } [debug] [client]::ffff:192.168.0.9/OS X/Chrome(96.0.4664.110) /Apple Mac
function createFormatWrap(opts) {
    return new Format(opts);
  } [debug] [GET]http://192.168.0.9:3000/ex08-4/cookie.html
function createFormatWrap(opts) {
    return new Format(opts);
  } [debug] 클라이언트의 접속이 종료되었습니다. ::: [runtime]101ms
function createFormatWrap(opts) {
    return new Format(opts);
  } [debug] ----------------------------------------
function createFormatWrap(opts) {
    return new Format(opts);
  } [debug] 클라이언트가 접속했습니다.
function createFormatWrap(opts) {
    return new Format(opts);
  } [debug] [client]::ffff:192.168.0.9/OS X/Chrome(96.0.4664.110) /Apple Mac
function createFormatWrap(opts) {
    return new Format(opts);
  } [debug] [POST]http://192.168.0.9:3000/cookie
function createFormatWrap(opts) {
    return new Format(opts);
  } [debug] [POST]msg=
function createFormatWrap(opts) {
    return new Format(opts);
  } [debug] 클라이언트의 접속이 종료되었습니다. ::: [runtime]67ms
function createFormatWrap(opts) {
    return new Format(opts);
  } [debug] ----------------------------------------
function createFormatWrap(opts) {
    return new Format(opts);
  } [debug] 클라이언트가 접속했습니다.
function createFormatWrap(opts) {
    return new Format(opts);
  } [debug] [client]::ffff:192.168.0.9/OS X/Chrome(96.0.4664.110) /Apple Mac
function createFormatWrap(opts) {
    return new Format(opts);
  } [debug] [POST]http://192.168.0.9:3000/cookie
function createFormatWrap(opts) {
    return new Format(opts);
  } [debug] [POST]msg=dd
function createFormatWrap(opts) {
    return new Format(opts);
  } [debug] 클라이언트의 접속이 종료되었습니다. ::: [runtime]2ms
function createFormatWrap(opts) {
    return new Format(opts);
  } [debug] ----------------------------------------
function createFormatWrap(opts) {
    return new Format(opts);
  } [debug] 클라이언트가 접속했습니다.
function createFormatWrap(opts) {
    return new Format(opts);
  } [debug] [client]::ffff:192.168.0.9/OS X/Chrome(96.0.4664.110) /Apple Mac
function createFormatWrap(opts) {
    return new Format(opts);
  } [debug] [GET]http://192.168.0.9:3000/cookie
function createFormatWrap(opts) {
    return new Format(opts);
  } [debug] 클라이언트의 접속이 종료되었습니다. ::: [runtime]4ms
function createFormatWrap(opts) {
    return new Format(opts);
  } [debug] ----------------------------------------
function createFormatWrap(opts) {
    return new Format(opts);
  } [debug] 클라이언트가 접속했습니다.
function createFormatWrap(opts) {
    return new Format(opts);
  } [debug] [client]::ffff:192.168.0.9/OS X/Chrome(96.0.4664.110) /Apple Mac
function createFormatWrap(opts) {
    return new Format(opts);
  } [debug] [DELETE]http://192.168.0.9:3000/cookie
function createFormatWrap(opts) {
    return new Format(opts);
  } [debug] 클라이언트의 접속이 종료되었습니다. ::: [runtime]2ms
function createFormatWrap(opts) {
    return new Format(opts);
  } [debug] ----------------------------------------
function createFormatWrap(opts) {
    return new Format(opts);
  } [debug] 클라이언트가 접속했습니다.
function createFormatWrap(opts) {
    return new Format(opts);
  } [debug] [client]::ffff:192.168.0.9/OS X/Chrome(96.0.4664.110) /Apple Mac
function createFormatWrap(opts) {
    return new Format(opts);
  } [debug] [POST]http://192.168.0.9:3000/cookie
function createFormatWrap(opts) {
    return new Format(opts);
  } [debug] [POST]msg=dddd
function createFormatWrap(opts) {
    return new Format(opts);
  } [debug] 클라이언트의 접속이 종료되었습니다. ::: [runtime]2ms
function createFormatWrap(opts) {
    return new Format(opts);
  } [debug] ----------------------------------------
function createFormatWrap(opts) {
    return new Format(opts);
  } [debug] 클라이언트가 접속했습니다.
function createFormatWrap(opts) {
    return new Format(opts);
  } [debug] [client]::ffff:192.168.0.9/OS X/Chrome(96.0.4664.110) /Apple Mac
function createFormatWrap(opts) {
    return new Format(opts);
  } [debug] [GET]http://192.168.0.9:3000/cookie
function createFormatWrap(opts) {
    return new Format(opts);
  } [debug] 클라이언트의 접속이 종료되었습니다. ::: [runtime]2ms
function createFormatWrap(opts) {
    return new Format(opts);
  } [debug] ----------------------------------------
function createFormatWrap(opts) {
    return new Format(opts);
  } [debug] 클라이언트가 접속했습니다.
function createFormatWrap(opts) {
    return new Format(opts);
  } [debug] [client]::ffff:192.168.0.9/OS X/Chrome(96.0.4664.110) /Apple Mac
function createFormatWrap(opts) {
    return new Format(opts);
  } [debug] [DELETE]http://192.168.0.9:3000/cookie
function createFormatWrap(opts) {
    return new Format(opts);
  } [debug] 클라이언트의 접속이 종료되었습니다. ::: [runtime]1ms
function createFormatWrap(opts) {
    return new Format(opts);
  } [debug] ----------------------------------------
function createFormatWrap(opts) {
    return new Format(opts);
  } [debug] 클라이언트가 접속했습니다.
function createFormatWrap(opts) {
    return new Format(opts);
  } [debug] [client]::ffff:192.168.0.9/OS X/Chrome(96.0.4664.110) /Apple Mac
function createFormatWrap(opts) {
    return new Format(opts);
  } [debug] [DELETE]http://192.168.0.9:3000/cookie
function createFormatWrap(opts) {
    return new Format(opts);
  } [debug] 클라이언트의 접속이 종료되었습니다. ::: [runtime]1ms
function createFormatWrap(opts) {
    return new Format(opts);
  } [debug] ----------------------------------------
function createFormatWrap(opts) {
    return new Format(opts);
  } [debug] 클라이언트가 접속했습니다.
function createFormatWrap(opts) {
    return new Format(opts);
  } [debug] [client]::ffff:192.168.0.9/OS X/Chrome(96.0.4664.110) /Apple Mac
function createFormatWrap(opts) {
    return new Format(opts);
  } [debug] [DELETE]http://192.168.0.9:3000/cookie
function createFormatWrap(opts) {
    return new Format(opts);
  } [debug] 클라이언트의 접속이 종료되었습니다. ::: [runtime]1ms
function createFormatWrap(opts) {
    return new Format(opts);
  } [debug] ----------------------------------------
function createFormatWrap(opts) {
    return new Format(opts);
  } [debug] 클라이언트가 접속했습니다.
function createFormatWrap(opts) {
    return new Format(opts);
  } [debug] [client]::ffff:192.168.0.9/OS X/Chrome(96.0.4664.110) /Apple Mac
function createFormatWrap(opts) {
    return new Format(opts);
  } [debug] [DELETE]http://192.168.0.9:3000/cookie
function createFormatWrap(opts) {
    return new Format(opts);
  } [debug] 클라이언트의 접속이 종료되었습니다. ::: [runtime]1ms
function createFormatWrap(opts) {
    return new Format(opts);
  } [debug] ----------------------------------------
function createFormatWrap(opts) {
    return new Format(opts);
  } [debug] -----------------------------------
function createFormatWrap(opts) {
    return new Format(opts);
  } [debug] |       Start Express Server       |
function createFormatWrap(opts) {
    return new Format(opts);
  } [debug] -----------------------------------
function createFormatWrap(opts) {
    return new Format(opts);
  } [debug] server address => http://192.168.0.9:3000
function createFormatWrap(opts) {
    return new Format(opts);
  } [debug] -----------------------------------
function createFormatWrap(opts) {
    return new Format(opts);
  } [debug] 클라이언트가 접속했습니다.
function createFormatWrap(opts) {
    return new Format(opts);
  } [debug] [client]::ffff:192.168.0.9/OS X/Chrome(96.0.4664.110) /Apple Mac
function createFormatWrap(opts) {
    return new Format(opts);
  } [debug] [GET]http://192.168.0.9:3000/ex08-5/login.html
function createFormatWrap(opts) {
    return new Format(opts);
  } [debug] 클라이언트의 접속이 종료되었습니다. ::: [runtime]10ms
function createFormatWrap(opts) {
    return new Format(opts);
  } [debug] ----------------------------------------
function createFormatWrap(opts) {
    return new Format(opts);
  } [debug] 클라이언트가 접속했습니다.
function createFormatWrap(opts) {
    return new Format(opts);
  } [debug] [client]::ffff:192.168.0.9/OS X/Chrome(96.0.4664.110) /Apple Mac
function createFormatWrap(opts) {
    return new Format(opts);
  } [debug] [GET]http://192.168.0.9:3000/session/login
function createFormatWrap(opts) {
    return new Format(opts);
  } [debug] 클라이언트의 접속이 종료되었습니다. ::: [runtime]6ms
function createFormatWrap(opts) {
    return new Format(opts);
  } [debug] ----------------------------------------
function createFormatWrap(opts) {
    return new Format(opts);
  } [debug] 클라이언트가 접속했습니다.
function createFormatWrap(opts) {
    return new Format(opts);
  } [debug] [client]::ffff:192.168.0.9/OS X/Chrome(96.0.4664.110) /Apple Mac
function createFormatWrap(opts) {
    return new Format(opts);
  } [debug] [POST]http://192.168.0.9:3000/session/login
function createFormatWrap(opts) {
    return new Format(opts);
  } [debug] 클라이언트의 접속이 종료되었습니다. ::: [runtime]45ms
function createFormatWrap(opts) {
    return new Format(opts);
  } [debug] ----------------------------------------
function createFormatWrap(opts) {
    return new Format(opts);
  } [debug] 클라이언트가 접속했습니다.
function createFormatWrap(opts) {
    return new Format(opts);
  } [debug] [client]::ffff:192.168.0.9/OS X/Chrome(96.0.4664.110) /Apple Mac
function createFormatWrap(opts) {
    return new Format(opts);
  } [debug] [POST]http://192.168.0.9:3000/session/login
function createFormatWrap(opts) {
    return new Format(opts);
  } [debug] 클라이언트의 접속이 종료되었습니다. ::: [runtime]2ms
function createFormatWrap(opts) {
    return new Format(opts);
  } [debug] ----------------------------------------
function createFormatWrap(opts) {
    return new Format(opts);
  } [debug] 클라이언트가 접속했습니다.
function createFormatWrap(opts) {
    return new Format(opts);
  } [debug] [client]::ffff:192.168.0.9/OS X/Chrome(96.0.4664.110) /Apple Mac
function createFormatWrap(opts) {
    return new Format(opts);
  } [debug] [POST]http://192.168.0.9:3000/session/login
function createFormatWrap(opts) {
    return new Format(opts);
  } [debug] 클라이언트의 접속이 종료되었습니다. ::: [runtime]2ms
function createFormatWrap(opts) {
    return new Format(opts);
  } [debug] ----------------------------------------
function createFormatWrap(opts) {
    return new Format(opts);
  } [debug] 클라이언트가 접속했습니다.
function createFormatWrap(opts) {
    return new Format(opts);
  } [debug] [client]::ffff:192.168.0.9/OS X/Chrome(96.0.4664.110) /Apple Mac
function createFormatWrap(opts) {
    return new Format(opts);
  } [debug] [GET]http://192.168.0.9:3000/ex08-5/login.html
function createFormatWrap(opts) {
    return new Format(opts);
  } [debug] 클라이언트의 접속이 종료되었습니다. ::: [runtime]2ms
function createFormatWrap(opts) {
    return new Format(opts);
  } [debug] ----------------------------------------
function createFormatWrap(opts) {
    return new Format(opts);
  } [debug] 클라이언트가 접속했습니다.
function createFormatWrap(opts) {
    return new Format(opts);
  } [debug] [client]::ffff:192.168.0.9/OS X/Chrome(96.0.4664.110) /Apple Mac
function createFormatWrap(opts) {
    return new Format(opts);
  } [debug] [GET]http://192.168.0.9:3000/session/login
function createFormatWrap(opts) {
    return new Format(opts);
  } [debug] 클라이언트의 접속이 종료되었습니다. ::: [runtime]2ms
function createFormatWrap(opts) {
    return new Format(opts);
  } [debug] ----------------------------------------
function createFormatWrap(opts) {
    return new Format(opts);
  } [debug] -----------------------------------
function createFormatWrap(opts) {
    return new Format(opts);
  } [debug] |       Start Express Server       |
function createFormatWrap(opts) {
    return new Format(opts);
  } [debug] -----------------------------------
function createFormatWrap(opts) {
    return new Format(opts);
  } [debug] server address => http://192.168.0.9:3000
function createFormatWrap(opts) {
    return new Format(opts);
  } [debug] -----------------------------------
function createFormatWrap(opts) {
    return new Format(opts);
  } [debug] 클라이언트가 접속했습니다.
function createFormatWrap(opts) {
    return new Format(opts);
  } [debug] [client]::ffff:192.168.0.9/OS X/Chrome(96.0.4664.110) /Apple Mac
function createFormatWrap(opts) {
    return new Format(opts);
  } [debug] [GET]http://192.168.0.9:3000/ex08-5/login.html
function createFormatWrap(opts) {
    return new Format(opts);
  } [debug] 클라이언트의 접속이 종료되었습니다. ::: [runtime]8ms
function createFormatWrap(opts) {
    return new Format(opts);
  } [debug] ----------------------------------------
function createFormatWrap(opts) {
    return new Format(opts);
  } [debug] 클라이언트가 접속했습니다.
function createFormatWrap(opts) {
    return new Format(opts);
  } [debug] [client]::ffff:192.168.0.9/OS X/Chrome(96.0.4664.110) /Apple Mac
function createFormatWrap(opts) {
    return new Format(opts);
  } [debug] [GET]http://192.168.0.9:3000/session/login
function createFormatWrap(opts) {
    return new Format(opts);
  } [debug] 클라이언트의 접속이 종료되었습니다. ::: [runtime]5ms
function createFormatWrap(opts) {
    return new Format(opts);
  } [debug] ----------------------------------------
function createFormatWrap(opts) {
    return new Format(opts);
  } [debug] -----------------------------------
function createFormatWrap(opts) {
    return new Format(opts);
  } [debug] |       Start Express Server       |
function createFormatWrap(opts) {
    return new Format(opts);
  } [debug] -----------------------------------
function createFormatWrap(opts) {
    return new Format(opts);
  } [debug] server address => http://192.168.0.9:3000
function createFormatWrap(opts) {
    return new Format(opts);
  } [debug] -----------------------------------
function createFormatWrap(opts) {
    return new Format(opts);
  } [debug] 클라이언트가 접속했습니다.
function createFormatWrap(opts) {
    return new Format(opts);
  } [debug] [client]::ffff:192.168.0.9/OS X/Chrome(96.0.4664.110) /Apple Mac
function createFormatWrap(opts) {
    return new Format(opts);
  } [debug] [GET]http://192.168.0.9:3000/ex08-5/login.html
function createFormatWrap(opts) {
    return new Format(opts);
  } [debug] 클라이언트의 접속이 종료되었습니다. ::: [runtime]5ms
function createFormatWrap(opts) {
    return new Format(opts);
  } [debug] ----------------------------------------
function createFormatWrap(opts) {
    return new Format(opts);
  } [debug] 클라이언트가 접속했습니다.
function createFormatWrap(opts) {
    return new Format(opts);
  } [debug] [client]::ffff:192.168.0.9/OS X/Chrome(96.0.4664.110) /Apple Mac
function createFormatWrap(opts) {
    return new Format(opts);
  } [debug] [GET]http://192.168.0.9:3000/session/login
function createFormatWrap(opts) {
    return new Format(opts);
  } [debug] 클라이언트의 접속이 종료되었습니다. ::: [runtime]6ms
function createFormatWrap(opts) {
    return new Format(opts);
  } [debug] ----------------------------------------
function createFormatWrap(opts) {
    return new Format(opts);
  } [debug] 클라이언트가 접속했습니다.
function createFormatWrap(opts) {
    return new Format(opts);
  } [debug] [client]::ffff:192.168.0.9/OS X/Chrome(96.0.4664.110) /Apple Mac
function createFormatWrap(opts) {
    return new Format(opts);
  } [debug] [POST]http://192.168.0.9:3000/session/login
function createFormatWrap(opts) {
    return new Format(opts);
  } [debug] 클라이언트의 접속이 종료되었습니다. ::: [runtime]29ms
function createFormatWrap(opts) {
    return new Format(opts);
  } [debug] ----------------------------------------
function createFormatWrap(opts) {
    return new Format(opts);
  } [debug] 클라이언트가 접속했습니다.
function createFormatWrap(opts) {
    return new Format(opts);
  } [debug] [client]::ffff:192.168.0.9/OS X/Chrome(96.0.4664.110) /Apple Mac
function createFormatWrap(opts) {
    return new Format(opts);
  } [debug] [POST]http://192.168.0.9:3000/session/login
function createFormatWrap(opts) {
    return new Format(opts);
  } [debug] 클라이언트의 접속이 종료되었습니다. ::: [runtime]1ms
function createFormatWrap(opts) {
    return new Format(opts);
  } [debug] ----------------------------------------
function createFormatWrap(opts) {
    return new Format(opts);
  } [debug] 클라이언트가 접속했습니다.
function createFormatWrap(opts) {
    return new Format(opts);
  } [debug] [client]::ffff:192.168.0.9/OS X/Chrome(96.0.4664.110) /Apple Mac
function createFormatWrap(opts) {
    return new Format(opts);
  } [debug] [GET]http://192.168.0.9:3000/ex08-5/login.html
function createFormatWrap(opts) {
    return new Format(opts);
  } [debug] 클라이언트의 접속이 종료되었습니다. ::: [runtime]1ms
function createFormatWrap(opts) {
    return new Format(opts);
  } [debug] ----------------------------------------
function createFormatWrap(opts) {
    return new Format(opts);
  } [debug] 클라이언트가 접속했습니다.
function createFormatWrap(opts) {
    return new Format(opts);
  } [debug] [client]::ffff:192.168.0.9/OS X/Chrome(96.0.4664.110) /Apple Mac
function createFormatWrap(opts) {
    return new Format(opts);
  } [debug] [GET]http://192.168.0.9:3000/session/login
function createFormatWrap(opts) {
    return new Format(opts);
  } [debug] 클라이언트의 접속이 종료되었습니다. ::: [runtime]2ms
function createFormatWrap(opts) {
    return new Format(opts);
  } [debug] ----------------------------------------
function createFormatWrap(opts) {
    return new Format(opts);
  } [debug] 클라이언트가 접속했습니다.
function createFormatWrap(opts) {
    return new Format(opts);
  } [debug] [client]::ffff:192.168.0.9/OS X/Chrome(96.0.4664.110) /Apple Mac
function createFormatWrap(opts) {
    return new Format(opts);
  } [debug] [POST]http://192.168.0.9:3000/session/login
function createFormatWrap(opts) {
    return new Format(opts);
  } [debug] 클라이언트의 접속이 종료되었습니다. ::: [runtime]1ms
function createFormatWrap(opts) {
    return new Format(opts);
  } [debug] ----------------------------------------
