function createFormatWrap(opts) {
    return new Format(opts);
  } [debug] -----------------------------------
function createFormatWrap(opts) {
    return new Format(opts);
  } [debug] |       Start Express Server       |
function createFormatWrap(opts) {
    return new Format(opts);
  } [debug] -----------------------------------
function createFormatWrap(opts) {
    return new Format(opts);
  } [debug] server address => http://192.168.0.9:3000
function createFormatWrap(opts) {
    return new Format(opts);
  } [debug] -----------------------------------
function createFormatWrap(opts) {
    return new Format(opts);
  } [debug] 클라이언트가 접속했습니다.
function createFormatWrap(opts) {
    return new Format(opts);
  } [debug] [client]::ffff:192.168.0.9/OS X/Chrome(96.0.4664.110) /Apple Mac
function createFormatWrap(opts) {
    return new Format(opts);
  } [debug] [GET]http://192.168.0.9:3000/
function createFormatWrap(opts) {
    return new Format(opts);
  } [debug] 클라이언트의 접속이 종료되었습니다. ::: [runtime]7ms
function createFormatWrap(opts) {
    return new Format(opts);
  } [debug] ----------------------------------------
function createFormatWrap(opts) {
    return new Format(opts);
  } [debug] 클라이언트가 접속했습니다.
function createFormatWrap(opts) {
    return new Format(opts);
  } [debug] [client]::ffff:192.168.0.9/OS X/Chrome(96.0.4664.110) /Apple Mac
function createFormatWrap(opts) {
    return new Format(opts);
  } [debug] [GET]http://192.168.0.9:3000/
function createFormatWrap(opts) {
    return new Format(opts);
  } [debug] 클라이언트의 접속이 종료되었습니다. ::: [runtime]2ms
function createFormatWrap(opts) {
    return new Format(opts);
  } [debug] ----------------------------------------
function createFormatWrap(opts) {
    return new Format(opts);
  } [debug] 클라이언트가 접속했습니다.
function createFormatWrap(opts) {
    return new Format(opts);
  } [debug] [client]::ffff:192.168.0.9/OS X/Chrome(96.0.4664.110) /Apple Mac
function createFormatWrap(opts) {
    return new Format(opts);
  } [debug] [GET]http://192.168.0.9:3000/
function createFormatWrap(opts) {
    return new Format(opts);
  } [debug] 클라이언트의 접속이 종료되었습니다. ::: [runtime]8ms
function createFormatWrap(opts) {
    return new Format(opts);
  } [debug] ----------------------------------------
function createFormatWrap(opts) {
    return new Format(opts);
  } [debug] 클라이언트가 접속했습니다.
function createFormatWrap(opts) {
    return new Format(opts);
  } [debug] [client]::ffff:192.168.0.9/OS X/Chrome(96.0.4664.110) /Apple Mac
function createFormatWrap(opts) {
    return new Format(opts);
  } [debug] [GET]http://192.168.0.9:3000/
function createFormatWrap(opts) {
    return new Format(opts);
  } [debug] 클라이언트의 접속이 종료되었습니다. ::: [runtime]2ms
function createFormatWrap(opts) {
    return new Format(opts);
  } [debug] ----------------------------------------
function createFormatWrap(opts) {
    return new Format(opts);
  } [debug] -----------------------------------
function createFormatWrap(opts) {
    return new Format(opts);
  } [debug] |       Start Express Server       |
function createFormatWrap(opts) {
    return new Format(opts);
  } [debug] -----------------------------------
function createFormatWrap(opts) {
    return new Format(opts);
  } [debug] server address => http://192.168.0.9:3000
function createFormatWrap(opts) {
    return new Format(opts);
  } [debug] -----------------------------------
function createFormatWrap(opts) {
    return new Format(opts);
  } [debug] 클라이언트가 접속했습니다.
function createFormatWrap(opts) {
    return new Format(opts);
  } [debug] [client]::ffff:192.168.0.9/OS X/Chrome(96.0.4664.110) /Apple Mac
function createFormatWrap(opts) {
    return new Format(opts);
  } [debug] [GET]http://192.168.0.9:3000/page1
function createFormatWrap(opts) {
    return new Format(opts);
  } [debug] 클라이언트의 접속이 종료되었습니다. ::: [runtime]8ms
function createFormatWrap(opts) {
    return new Format(opts);
  } [debug] ----------------------------------------
function createFormatWrap(opts) {
    return new Format(opts);
  } [debug] 클라이언트가 접속했습니다.
function createFormatWrap(opts) {
    return new Format(opts);
  } [debug] [client]::ffff:192.168.0.9/OS X/Chrome(96.0.4664.110) /Apple Mac
function createFormatWrap(opts) {
    return new Format(opts);
  } [debug] [GET]http://192.168.0.9:3000/favicon.ico
function createFormatWrap(opts) {
    return new Format(opts);
  } [debug] 클라이언트의 접속이 종료되었습니다. ::: [runtime]8ms
function createFormatWrap(opts) {
    return new Format(opts);
  } [debug] ----------------------------------------
function createFormatWrap(opts) {
    return new Format(opts);
  } [debug] 클라이언트가 접속했습니다.
function createFormatWrap(opts) {
    return new Format(opts);
  } [debug] [client]::ffff:192.168.0.9/OS X/Chrome(96.0.4664.110) /Apple Mac
function createFormatWrap(opts) {
    return new Format(opts);
  } [debug] [GET]http://192.168.0.9:3000/page2
function createFormatWrap(opts) {
    return new Format(opts);
  } [debug] 클라이언트의 접속이 종료되었습니다. ::: [runtime]1ms
function createFormatWrap(opts) {
    return new Format(opts);
  } [debug] ----------------------------------------
function createFormatWrap(opts) {
    return new Format(opts);
  } [debug] 클라이언트가 접속했습니다.
function createFormatWrap(opts) {
    return new Format(opts);
  } [debug] [client]::ffff:192.168.0.9/OS X/Chrome(96.0.4664.110) /Apple Mac
function createFormatWrap(opts) {
    return new Format(opts);
  } [debug] [GET]http://192.168.0.9:3000/page2
function createFormatWrap(opts) {
    return new Format(opts);
  } [debug] 클라이언트의 접속이 종료되었습니다. ::: [runtime]1ms
function createFormatWrap(opts) {
    return new Format(opts);
  } [debug] ----------------------------------------
function createFormatWrap(opts) {
    return new Format(opts);
  } [debug] 클라이언트가 접속했습니다.
function createFormatWrap(opts) {
    return new Format(opts);
  } [debug] [client]::ffff:192.168.0.9/OS X/Chrome(96.0.4664.110) /Apple Mac
function createFormatWrap(opts) {
    return new Format(opts);
  } [debug] [GET]http://192.168.0.9:3000/page2
function createFormatWrap(opts) {
    return new Format(opts);
  } [debug] 클라이언트의 접속이 종료되었습니다. ::: [runtime]1ms
function createFormatWrap(opts) {
    return new Format(opts);
  } [debug] ----------------------------------------
function createFormatWrap(opts) {
    return new Format(opts);
  } [debug] 클라이언트가 접속했습니다.
function createFormatWrap(opts) {
    return new Format(opts);
  } [debug] [client]::ffff:192.168.0.9/OS X/Chrome(96.0.4664.110) /Apple Mac
function createFormatWrap(opts) {
    return new Format(opts);
  } [debug] [GET]http://192.168.0.9:3000/page3
function createFormatWrap(opts) {
    return new Format(opts);
  } [debug] 클라이언트의 접속이 종료되었습니다. ::: [runtime]4ms
function createFormatWrap(opts) {
    return new Format(opts);
  } [debug] ----------------------------------------
function createFormatWrap(opts) {
    return new Format(opts);
  } [debug] 클라이언트가 접속했습니다.
function createFormatWrap(opts) {
    return new Format(opts);
  } [debug] [client]::ffff:192.168.0.9/OS X/Chrome(96.0.4664.110) /Apple Mac
function createFormatWrap(opts) {
    return new Format(opts);
  } [debug] [GET]http://192.168.0.9:3000/page2
function createFormatWrap(opts) {
    return new Format(opts);
  } [debug] 클라이언트의 접속이 종료되었습니다. ::: [runtime]2ms
function createFormatWrap(opts) {
    return new Format(opts);
  } [debug] ----------------------------------------
function createFormatWrap(opts) {
    return new Format(opts);
  } [debug] 클라이언트가 접속했습니다.
function createFormatWrap(opts) {
    return new Format(opts);
  } [debug] [client]::ffff:192.168.0.9/OS X/Chrome(96.0.4664.110) /Apple Mac
function createFormatWrap(opts) {
    return new Format(opts);
  } [debug] [GET]http://192.168.0.9:3000/page1
function createFormatWrap(opts) {
    return new Format(opts);
  } [debug] 클라이언트의 접속이 종료되었습니다. ::: [runtime]1ms
function createFormatWrap(opts) {
    return new Format(opts);
  } [debug] ----------------------------------------
function createFormatWrap(opts) {
    return new Format(opts);
  } [debug] 클라이언트가 접속했습니다.
function createFormatWrap(opts) {
    return new Format(opts);
  } [debug] [client]::ffff:192.168.0.9/OS X/Chrome(96.0.4664.110) /Apple Mac
function createFormatWrap(opts) {
    return new Format(opts);
  } [debug] [GET]http://192.168.0.9:3000/page2
function createFormatWrap(opts) {
    return new Format(opts);
  } [debug] 클라이언트의 접속이 종료되었습니다. ::: [runtime]1ms
function createFormatWrap(opts) {
    return new Format(opts);
  } [debug] ----------------------------------------
function createFormatWrap(opts) {
    return new Format(opts);
  } [debug] 클라이언트가 접속했습니다.
function createFormatWrap(opts) {
    return new Format(opts);
  } [debug] [client]::ffff:192.168.0.9/OS X/Chrome(96.0.4664.110) /Apple Mac
function createFormatWrap(opts) {
    return new Format(opts);
  } [debug] [GET]http://192.168.0.9:3000/page1
function createFormatWrap(opts) {
    return new Format(opts);
  } [debug] 클라이언트의 접속이 종료되었습니다. ::: [runtime]1ms
function createFormatWrap(opts) {
    return new Format(opts);
  } [debug] ----------------------------------------
function createFormatWrap(opts) {
    return new Format(opts);
  } [debug] 클라이언트가 접속했습니다.
function createFormatWrap(opts) {
    return new Format(opts);
  } [debug] [client]::ffff:192.168.0.9/OS X/Chrome(96.0.4664.110) /Apple Mac
function createFormatWrap(opts) {
    return new Format(opts);
  } [debug] [GET]http://192.168.0.9:3000/page2
function createFormatWrap(opts) {
    return new Format(opts);
  } [debug] 클라이언트의 접속이 종료되었습니다. ::: [runtime]1ms
function createFormatWrap(opts) {
    return new Format(opts);
  } [debug] ----------------------------------------
function createFormatWrap(opts) {
    return new Format(opts);
  } [debug] 클라이언트가 접속했습니다.
function createFormatWrap(opts) {
    return new Format(opts);
  } [debug] [client]::ffff:192.168.0.9/OS X/Chrome(96.0.4664.110) /Apple Mac
function createFormatWrap(opts) {
    return new Format(opts);
  } [debug] [GET]http://192.168.0.9:3000/page3
function createFormatWrap(opts) {
    return new Format(opts);
  } [debug] 클라이언트의 접속이 종료되었습니다. ::: [runtime]1ms
function createFormatWrap(opts) {
    return new Format(opts);
  } [debug] ----------------------------------------
function createFormatWrap(opts) {
    return new Format(opts);
  } [debug] 클라이언트가 접속했습니다.
function createFormatWrap(opts) {
    return new Format(opts);
  } [debug] [client]::ffff:192.168.0.9/OS X/Chrome(96.0.4664.110) /Apple Mac
function createFormatWrap(opts) {
    return new Format(opts);
  } [debug] [GET]http://192.168.0.9:3000/page3
function createFormatWrap(opts) {
    return new Format(opts);
  } [debug] 클라이언트의 접속이 종료되었습니다. ::: [runtime]1ms
function createFormatWrap(opts) {
    return new Format(opts);
  } [debug] ----------------------------------------
function createFormatWrap(opts) {
    return new Format(opts);
  } [debug] -----------------------------------
function createFormatWrap(opts) {
    return new Format(opts);
  } [debug] |       Start Express Server       |
function createFormatWrap(opts) {
    return new Format(opts);
  } [debug] -----------------------------------
function createFormatWrap(opts) {
    return new Format(opts);
  } [debug] server address => http://192.168.0.9:3000
function createFormatWrap(opts) {
    return new Format(opts);
  } [debug] -----------------------------------
function createFormatWrap(opts) {
    return new Format(opts);
  } [debug] 클라이언트가 접속했습니다.
function createFormatWrap(opts) {
    return new Format(opts);
  } [debug] [client]::ffff:192.168.0.9/OS X/Chrome(96.0.4664.110) /Apple Mac
function createFormatWrap(opts) {
    return new Format(opts);
  } [debug] [GET]http://192.168.0.9:3000/page2
function createFormatWrap(opts) {
    return new Format(opts);
  } [debug] 클라이언트의 접속이 종료되었습니다. ::: [runtime]6ms
function createFormatWrap(opts) {
    return new Format(opts);
  } [debug] ----------------------------------------
function createFormatWrap(opts) {
    return new Format(opts);
  } [debug] 클라이언트가 접속했습니다.
function createFormatWrap(opts) {
    return new Format(opts);
  } [debug] [client]::ffff:192.168.0.9/OS X/Chrome(96.0.4664.110) /Apple Mac
function createFormatWrap(opts) {
    return new Format(opts);
  } [debug] [GET]http://192.168.0.9:3000/page3
function createFormatWrap(opts) {
    return new Format(opts);
  } [debug] 클라이언트의 접속이 종료되었습니다. ::: [runtime]6ms
function createFormatWrap(opts) {
    return new Format(opts);
  } [debug] ----------------------------------------
function createFormatWrap(opts) {
    return new Format(opts);
  } [debug] 클라이언트가 접속했습니다.
function createFormatWrap(opts) {
    return new Format(opts);
  } [debug] [client]::ffff:192.168.0.9/OS X/Chrome(96.0.4664.110) /Apple Mac
function createFormatWrap(opts) {
    return new Format(opts);
  } [debug] [GET]http://192.168.0.9:3000/page2
function createFormatWrap(opts) {
    return new Format(opts);
  } [debug] 클라이언트의 접속이 종료되었습니다. ::: [runtime]3ms
function createFormatWrap(opts) {
    return new Format(opts);
  } [debug] ----------------------------------------
function createFormatWrap(opts) {
    return new Format(opts);
  } [debug] 클라이언트가 접속했습니다.
function createFormatWrap(opts) {
    return new Format(opts);
  } [debug] [client]::ffff:192.168.0.9/OS X/Chrome(96.0.4664.110) /Apple Mac
function createFormatWrap(opts) {
    return new Format(opts);
  } [debug] [GET]http://192.168.0.9:3000/ex11/send_get_by_form.html
function createFormatWrap(opts) {
    return new Format(opts);
  } [debug] 클라이언트의 접속이 종료되었습니다. ::: [runtime]6ms
function createFormatWrap(opts) {
    return new Format(opts);
  } [debug] ----------------------------------------
function createFormatWrap(opts) {
    return new Format(opts);
  } [debug] 클라이언트가 접속했습니다.
function createFormatWrap(opts) {
    return new Format(opts);
  } [debug] [client]::ffff:192.168.0.9/OS X/Chrome(96.0.4664.110) /Apple Mac
function createFormatWrap(opts) {
    return new Format(opts);
  } [debug] [GET]http://192.168.0.9:3000/send_get?answer=&username=&password=&email=
function createFormatWrap(opts) {
    return new Format(opts);
  } [debug] 클라이언트의 접속이 종료되었습니다. ::: [runtime]3ms
function createFormatWrap(opts) {
    return new Format(opts);
  } [debug] ----------------------------------------
function createFormatWrap(opts) {
    return new Format(opts);
  } [debug] 클라이언트가 접속했습니다.
function createFormatWrap(opts) {
    return new Format(opts);
  } [debug] [client]::ffff:192.168.0.9/OS X/Chrome(96.0.4664.110) /Apple Mac
function createFormatWrap(opts) {
    return new Format(opts);
  } [debug] [GET]http://192.168.0.9:3000/send_get?answer=300&username=&password=&email=
function createFormatWrap(opts) {
    return new Format(opts);
  } [debug] 클라이언트의 접속이 종료되었습니다. ::: [runtime]3ms
function createFormatWrap(opts) {
    return new Format(opts);
  } [debug] ----------------------------------------
function createFormatWrap(opts) {
    return new Format(opts);
  } [debug] -----------------------------------
function createFormatWrap(opts) {
    return new Format(opts);
  } [debug] |       Start Express Server       |
function createFormatWrap(opts) {
    return new Format(opts);
  } [debug] -----------------------------------
function createFormatWrap(opts) {
    return new Format(opts);
  } [debug] server address => http://192.168.0.9:3000
function createFormatWrap(opts) {
    return new Format(opts);
  } [debug] -----------------------------------
