function createFormatWrap(opts) {
    return new Format(opts);
  } [debug] 3216번 포트에서 백엔드가 구동되었습니다.
function createFormatWrap(opts) {
    return new Format(opts);
  } [debug] ------------------------
function createFormatWrap(opts) {
    return new Format(opts);
  } [debug] http://192.168.0.9:3216
function createFormatWrap(opts) {
    return new Format(opts);
  } [debug] 3216번 포트에서 백엔드가 구동되었습니다.
function createFormatWrap(opts) {
    return new Format(opts);
  } [debug] ------------------------
function createFormatWrap(opts) {
    return new Format(opts);
  } [debug] http://192.168.0.9:3216
function createFormatWrap(opts) {
    return new Format(opts);
  } [debug] 백엔드가 종료되었습니다.
function createFormatWrap(opts) {
    return new Format(opts);
  } [debug] 3216번 포트에서 백엔드가 구동되었습니다.
function createFormatWrap(opts) {
    return new Format(opts);
  } [debug] ------------------------
function createFormatWrap(opts) {
    return new Format(opts);
  } [debug] http://192.168.0.9:3216
function createFormatWrap(opts) {
    return new Format(opts);
  } [debug] 프론트엔드가 접속했습니다. :::ffff:192.168.0.9,52925
function createFormatWrap(opts) {
    return new Format(opts);
  } [debug] [object Object]
function createFormatWrap(opts) {
    return new Format(opts);
  } [debug] 프론트엔드가 접속했습니다. :::ffff:192.168.0.9,52926
function createFormatWrap(opts) {
    return new Format(opts);
  } [debug] [object Object]
function createFormatWrap(opts) {
    return new Format(opts);
  } [debug] 프론트엔드의 요청 >> [GET]/
function createFormatWrap(opts) {
    return new Format(opts);
  } [debug] 프론트엔드의 요청 >> [GET]/favicon.ico
function createFormatWrap(opts) {
    return new Format(opts);
  } [debug] 프론트엔드의 요청 >> [GET]/
function createFormatWrap(opts) {
    return new Format(opts);
  } [debug] 프론트엔드의 요청 >> [GET]/favicon.ico
function createFormatWrap(opts) {
    return new Format(opts);
  } [debug] 프론트엔드의 요청 >> [GET]/
function createFormatWrap(opts) {
    return new Format(opts);
  } [debug] 프론트엔드의 요청 >> [GET]/favicon.ico
function createFormatWrap(opts) {
    return new Format(opts);
  } [debug] 백엔드가 종료되었습니다.
