function createFormatWrap(opts) {
    return new Format(opts);
  } [debug] -----------------------------------
function createFormatWrap(opts) {
    return new Format(opts);
  } [debug] |       Start Express Server       |
function createFormatWrap(opts) {
    return new Format(opts);
  } [debug] -----------------------------------
function createFormatWrap(opts) {
    return new Format(opts);
  } [debug] server address => http://192.168.0.9:3000
function createFormatWrap(opts) {
    return new Format(opts);
  } [debug] -----------------------------------
function createFormatWrap(opts) {
    return new Format(opts);
  } [debug] 클라이언트가 접속했습니다.
function createFormatWrap(opts) {
    return new Format(opts);
  } [debug] [client]::ffff:192.168.0.9/OS X/Chrome(96.0.4664.110) /Apple Mac
function createFormatWrap(opts) {
    return new Format(opts);
  } [debug] [GET]http://192.168.0.9:3000/ex08-6/api.html
function createFormatWrap(opts) {
    return new Format(opts);
  } [debug] 클라이언트의 접속이 종료되었습니다. ::: [runtime]10ms
function createFormatWrap(opts) {
    return new Format(opts);
  } [debug] ----------------------------------------
function createFormatWrap(opts) {
    return new Format(opts);
  } [debug] 클라이언트가 접속했습니다.
function createFormatWrap(opts) {
    return new Format(opts);
  } [debug] [client]::ffff:192.168.0.9/OS X/Chrome(96.0.4664.110) /Apple Mac
function createFormatWrap(opts) {
    return new Format(opts);
  } [debug] [GET]http://192.168.0.9:3000/ex08-2/send_url_by_form.html
function createFormatWrap(opts) {
    return new Format(opts);
  } [debug] 클라이언트의 접속이 종료되었습니다. ::: [runtime]3ms
function createFormatWrap(opts) {
    return new Format(opts);
  } [debug] ----------------------------------------
function createFormatWrap(opts) {
    return new Format(opts);
  } [debug] -----------------------------------
function createFormatWrap(opts) {
    return new Format(opts);
  } [debug] |       Start Express Server       |
function createFormatWrap(opts) {
    return new Format(opts);
  } [debug] -----------------------------------
function createFormatWrap(opts) {
    return new Format(opts);
  } [debug] server address => http://192.168.0.9:3000
function createFormatWrap(opts) {
    return new Format(opts);
  } [debug] -----------------------------------
function createFormatWrap(opts) {
    return new Format(opts);
  } [debug] 클라이언트가 접속했습니다.
function createFormatWrap(opts) {
    return new Format(opts);
  } [debug] [client]::ffff:192.168.0.9/OS X/Chrome(96.0.4664.110) /Apple Mac
function createFormatWrap(opts) {
    return new Format(opts);
  } [debug] [GET]http://192.168.0.9:3000/page2
function createFormatWrap(opts) {
    return new Format(opts);
  } [debug] 클라이언트의 접속이 종료되었습니다. ::: [runtime]5ms
function createFormatWrap(opts) {
    return new Format(opts);
  } [debug] ----------------------------------------
function createFormatWrap(opts) {
    return new Format(opts);
  } [debug] 클라이언트가 접속했습니다.
function createFormatWrap(opts) {
    return new Format(opts);
  } [debug] [client]::ffff:192.168.0.9/OS X/Chrome(96.0.4664.110) /Apple Mac
function createFormatWrap(opts) {
    return new Format(opts);
  } [debug] [GET]http://192.168.0.9:3000/today_covid19/부산
function createFormatWrap(opts) {
    return new Format(opts);
  } [debug] 클라이언트의 접속이 종료되었습니다. ::: [runtime]11ms
function createFormatWrap(opts) {
    return new Format(opts);
  } [debug] ----------------------------------------
