function createFormatWrap(opts) {
    return new Format(opts);
  } [debug] -----------------------------------
function createFormatWrap(opts) {
    return new Format(opts);
  } [debug] |       Start Express Server       |
function createFormatWrap(opts) {
    return new Format(opts);
  } [debug] -----------------------------------
function createFormatWrap(opts) {
    return new Format(opts);
  } [debug] server address => http://192.168.0.9:3000
function createFormatWrap(opts) {
    return new Format(opts);
  } [debug] -----------------------------------
function createFormatWrap(opts) {
    return new Format(opts);
  } [debug] 클라이언트가 접속했습니다.
function createFormatWrap(opts) {
    return new Format(opts);
  } [debug] [client]::ffff:192.168.0.9/unknown/insomnia(2021.7.2) /unknown
function createFormatWrap(opts) {
    return new Format(opts);
  } [debug] [POST]http://192.168.0.9:3000/
function createFormatWrap(opts) {
    return new Format(opts);
  } [debug] 클라이언트의 접속이 종료되었습니다. ::: [runtime]56ms
function createFormatWrap(opts) {
    return new Format(opts);
  } [debug] ----------------------------------------
function createFormatWrap(opts) {
    return new Format(opts);
  } [debug] 클라이언트가 접속했습니다.
function createFormatWrap(opts) {
    return new Format(opts);
  } [debug] [client]::ffff:192.168.0.9/unknown/insomnia(2021.7.2) /unknown
function createFormatWrap(opts) {
    return new Format(opts);
  } [debug] [POST]http://192.168.0.9:3000/ex08-6/api.html
function createFormatWrap(opts) {
    return new Format(opts);
  } [debug] 클라이언트의 접속이 종료되었습니다. ::: [runtime]2ms
function createFormatWrap(opts) {
    return new Format(opts);
  } [debug] ----------------------------------------
function createFormatWrap(opts) {
    return new Format(opts);
  } [debug] 클라이언트가 접속했습니다.
function createFormatWrap(opts) {
    return new Format(opts);
  } [debug] [client]::ffff:192.168.0.9/unknown/insomnia(2021.7.2) /unknown
function createFormatWrap(opts) {
    return new Format(opts);
  } [debug] [POST]http://192.168.0.9:3000/public/ex08-6/api.html
function createFormatWrap(opts) {
    return new Format(opts);
  } [debug] 클라이언트의 접속이 종료되었습니다. ::: [runtime]1ms
function createFormatWrap(opts) {
    return new Format(opts);
  } [debug] ----------------------------------------
function createFormatWrap(opts) {
    return new Format(opts);
  } [debug] 클라이언트가 접속했습니다.
function createFormatWrap(opts) {
    return new Format(opts);
  } [debug] [client]::ffff:192.168.0.9/unknown/insomnia(2021.7.2) /unknown
function createFormatWrap(opts) {
    return new Format(opts);
  } [debug] [POST]http://192.168.0.9:3000/multi.html
function createFormatWrap(opts) {
    return new Format(opts);
  } [debug] 클라이언트의 접속이 종료되었습니다. ::: [runtime]1ms
function createFormatWrap(opts) {
    return new Format(opts);
  } [debug] ----------------------------------------
function createFormatWrap(opts) {
    return new Format(opts);
  } [debug] 클라이언트가 접속했습니다.
function createFormatWrap(opts) {
    return new Format(opts);
  } [debug] [client]::ffff:192.168.0.9/unknown/insomnia(2021.7.2) /unknown
function createFormatWrap(opts) {
    return new Format(opts);
  } [debug] [POST]http://192.168.0.9:3000/upload/mutiple
function createFormatWrap(opts) {
    return new Format(opts);
  } [debug] 클라이언트의 접속이 종료되었습니다. ::: [runtime]2ms
function createFormatWrap(opts) {
    return new Format(opts);
  } [debug] ----------------------------------------
function createFormatWrap(opts) {
    return new Format(opts);
  } [debug] 클라이언트가 접속했습니다.
function createFormatWrap(opts) {
    return new Format(opts);
  } [debug] [client]::ffff:192.168.0.9/unknown/insomnia(2021.7.2) /unknown
function createFormatWrap(opts) {
    return new Format(opts);
  } [debug] [POST]http://192.168.0.9:3000/
function createFormatWrap(opts) {
    return new Format(opts);
  } [debug] 클라이언트의 접속이 종료되었습니다. ::: [runtime]23ms
function createFormatWrap(opts) {
    return new Format(opts);
  } [debug] ----------------------------------------
function createFormatWrap(opts) {
    return new Format(opts);
  } [debug] 클라이언트가 접속했습니다.
function createFormatWrap(opts) {
    return new Format(opts);
  } [debug] [client]::ffff:192.168.0.9/unknown/insomnia(2021.7.2) /unknown
function createFormatWrap(opts) {
    return new Format(opts);
  } [debug] [GET]http://192.168.0.9:3000/
function createFormatWrap(opts) {
    return new Format(opts);
  } [debug] 클라이언트의 접속이 종료되었습니다. ::: [runtime]22ms
function createFormatWrap(opts) {
    return new Format(opts);
  } [debug] ----------------------------------------
function createFormatWrap(opts) {
    return new Format(opts);
  } [debug] 클라이언트가 접속했습니다.
function createFormatWrap(opts) {
    return new Format(opts);
  } [debug] [client]::ffff:192.168.0.9/unknown/insomnia(2021.7.2) /unknown
function createFormatWrap(opts) {
    return new Format(opts);
  } [debug] [GET]http://192.168.0.9:3000/ex08-6/api.html
function createFormatWrap(opts) {
    return new Format(opts);
  } [debug] 클라이언트의 접속이 종료되었습니다. ::: [runtime]102ms
function createFormatWrap(opts) {
    return new Format(opts);
  } [debug] ----------------------------------------
function createFormatWrap(opts) {
    return new Format(opts);
  } [debug] 클라이언트가 접속했습니다.
function createFormatWrap(opts) {
    return new Format(opts);
  } [debug] [client]::ffff:192.168.0.9/unknown/insomnia(2021.7.2) /unknown
function createFormatWrap(opts) {
    return new Format(opts);
  } [debug] [GET]http://192.168.0.9:3000/hello_static.html
function createFormatWrap(opts) {
    return new Format(opts);
  } [debug] 클라이언트의 접속이 종료되었습니다. ::: [runtime]2ms
function createFormatWrap(opts) {
    return new Format(opts);
  } [debug] ----------------------------------------
function createFormatWrap(opts) {
    return new Format(opts);
  } [debug] 클라이언트가 접속했습니다.
function createFormatWrap(opts) {
    return new Format(opts);
  } [debug] [client]::ffff:192.168.0.9/OS X/Chrome(87.0.4280.141) /Apple Mac
function createFormatWrap(opts) {
    return new Format(opts);
  } [debug] [GET]http://192.168.0.9:3000/assets/img/ryan.gif
function createFormatWrap(opts) {
    return new Format(opts);
  } [debug] 클라이언트의 접속이 종료되었습니다. ::: [runtime]4ms
function createFormatWrap(opts) {
    return new Format(opts);
  } [debug] ----------------------------------------
function createFormatWrap(opts) {
    return new Format(opts);
  } [debug] 클라이언트가 접속했습니다.
function createFormatWrap(opts) {
    return new Format(opts);
  } [debug] [client]::ffff:192.168.0.9/unknown/insomnia(2021.7.2) /unknown
function createFormatWrap(opts) {
    return new Format(opts);
  } [debug] [GET]http://192.168.0.9:3000/department/lisy.html
function createFormatWrap(opts) {
    return new Format(opts);
  } [debug] 클라이언트의 접속이 종료되었습니다. ::: [runtime]10ms
function createFormatWrap(opts) {
    return new Format(opts);
  } [debug] ----------------------------------------
function createFormatWrap(opts) {
    return new Format(opts);
  } [debug] 클라이언트가 접속했습니다.
function createFormatWrap(opts) {
    return new Format(opts);
  } [debug] [client]::ffff:192.168.0.9/unknown/insomnia(2021.7.2) /unknown
function createFormatWrap(opts) {
    return new Format(opts);
  } [debug] [GET]http://192.168.0.9:3000/department/list.html
function createFormatWrap(opts) {
    return new Format(opts);
  } [debug] 클라이언트의 접속이 종료되었습니다. ::: [runtime]3ms
function createFormatWrap(opts) {
    return new Format(opts);
  } [debug] ----------------------------------------
function createFormatWrap(opts) {
    return new Format(opts);
  } [debug] 클라이언트가 접속했습니다.
function createFormatWrap(opts) {
    return new Format(opts);
  } [debug] [client]::ffff:192.168.0.9/unknown/insomnia(2021.7.2) /unknown
function createFormatWrap(opts) {
    return new Format(opts);
  } [debug] [GET]http://192.168.0.9:3000/department/list.html
function createFormatWrap(opts) {
    return new Format(opts);
  } [debug] 클라이언트의 접속이 종료되었습니다. ::: [runtime]2ms
function createFormatWrap(opts) {
    return new Format(opts);
  } [debug] ----------------------------------------
function createFormatWrap(opts) {
    return new Format(opts);
  } [debug] -----------------------------------
function createFormatWrap(opts) {
    return new Format(opts);
  } [debug] |       Start Express Server       |
function createFormatWrap(opts) {
    return new Format(opts);
  } [debug] -----------------------------------
function createFormatWrap(opts) {
    return new Format(opts);
  } [debug] server address => http://192.168.0.9:3000
function createFormatWrap(opts) {
    return new Format(opts);
  } [debug] -----------------------------------
function createFormatWrap(opts) {
    return new Format(opts);
  } [debug] 클라이언트가 접속했습니다.
function createFormatWrap(opts) {
    return new Format(opts);
  } [debug] [client]::1/OS X/Chrome(97.0.4692.99) /Apple Mac
function createFormatWrap(opts) {
    return new Format(opts);
  } [debug] [GET]http://localhost:3000/department
function createFormatWrap(opts) {
    return new Format(opts);
  } [debug] 클라이언트의 접속이 종료되었습니다. ::: [runtime]6ms
function createFormatWrap(opts) {
    return new Format(opts);
  } [debug] ----------------------------------------
function createFormatWrap(opts) {
    return new Format(opts);
  } [debug] 클라이언트가 접속했습니다.
function createFormatWrap(opts) {
    return new Format(opts);
  } [debug] [client]::1/OS X/Chrome(97.0.4692.99) /Apple Mac
function createFormatWrap(opts) {
    return new Format(opts);
  } [debug] [GET]http://localhost:3000/department/
function createFormatWrap(opts) {
    return new Format(opts);
  } [debug] 클라이언트의 접속이 종료되었습니다. ::: [runtime]6ms
function createFormatWrap(opts) {
    return new Format(opts);
  } [debug] ----------------------------------------
function createFormatWrap(opts) {
    return new Format(opts);
  } [debug] 클라이언트가 접속했습니다.
function createFormatWrap(opts) {
    return new Format(opts);
  } [debug] [client]::1/OS X/Chrome(97.0.4692.99) /Apple Mac
function createFormatWrap(opts) {
    return new Format(opts);
  } [debug] [GET]http://localhost:3000/favicon.ico
function createFormatWrap(opts) {
    return new Format(opts);
  } [debug] 클라이언트의 접속이 종료되었습니다. ::: [runtime]26ms
function createFormatWrap(opts) {
    return new Format(opts);
  } [debug] ----------------------------------------
function createFormatWrap(opts) {
    return new Format(opts);
  } [debug] 클라이언트가 접속했습니다.
function createFormatWrap(opts) {
    return new Format(opts);
  } [debug] [client]::1/OS X/Chrome(97.0.4692.99) /Apple Mac
function createFormatWrap(opts) {
    return new Format(opts);
  } [debug] [GET]http://localhost:3000/professor
function createFormatWrap(opts) {
    return new Format(opts);
  } [debug] 클라이언트의 접속이 종료되었습니다. ::: [runtime]2ms
function createFormatWrap(opts) {
    return new Format(opts);
  } [debug] ----------------------------------------
function createFormatWrap(opts) {
    return new Format(opts);
  } [debug] 클라이언트가 접속했습니다.
function createFormatWrap(opts) {
    return new Format(opts);
  } [debug] [client]::1/OS X/Chrome(97.0.4692.99) /Apple Mac
function createFormatWrap(opts) {
    return new Format(opts);
  } [debug] [GET]http://localhost:3000/department/
function createFormatWrap(opts) {
    return new Format(opts);
  } [debug] 클라이언트의 접속이 종료되었습니다. ::: [runtime]2ms
function createFormatWrap(opts) {
    return new Format(opts);
  } [debug] ----------------------------------------
function createFormatWrap(opts) {
    return new Format(opts);
  } [debug] 클라이언트가 접속했습니다.
function createFormatWrap(opts) {
    return new Format(opts);
  } [debug] [client]::1/OS X/Chrome(97.0.4692.99) /Apple Mac
function createFormatWrap(opts) {
    return new Format(opts);
  } [debug] [GET]http://localhost:3000/
function createFormatWrap(opts) {
    return new Format(opts);
  } [debug] 클라이언트의 접속이 종료되었습니다. ::: [runtime]1ms
function createFormatWrap(opts) {
    return new Format(opts);
  } [debug] ----------------------------------------
function createFormatWrap(opts) {
    return new Format(opts);
  } [debug] -----------------------------------
function createFormatWrap(opts) {
    return new Format(opts);
  } [debug] |       Start Express Server       |
function createFormatWrap(opts) {
    return new Format(opts);
  } [debug] -----------------------------------
function createFormatWrap(opts) {
    return new Format(opts);
  } [debug] server address => http://192.168.0.9:3000
function createFormatWrap(opts) {
    return new Format(opts);
  } [debug] -----------------------------------
function createFormatWrap(opts) {
    return new Format(opts);
  } [debug] 클라이언트가 접속했습니다.
function createFormatWrap(opts) {
    return new Format(opts);
  } [debug] [client]::ffff:192.168.0.9/OS X/Chrome(97.0.4692.99) /Apple Mac
function createFormatWrap(opts) {
    return new Format(opts);
  } [debug] [GET]http://192.168.0.9:3000/
function createFormatWrap(opts) {
    return new Format(opts);
  } [debug] 클라이언트의 접속이 종료되었습니다. ::: [runtime]11ms
function createFormatWrap(opts) {
    return new Format(opts);
  } [debug] ----------------------------------------
function createFormatWrap(opts) {
    return new Format(opts);
  } [debug] 클라이언트가 접속했습니다.
function createFormatWrap(opts) {
    return new Format(opts);
  } [debug] [client]::1/unknown/insomnia(2021.7.2) /unknown
function createFormatWrap(opts) {
    return new Format(opts);
  } [debug] [PUT]http://localhost:3000/posts
function createFormatWrap(opts) {
    return new Format(opts);
  } [debug] 클라이언트의 접속이 종료되었습니다. ::: [runtime]49ms
function createFormatWrap(opts) {
    return new Format(opts);
  } [debug] ----------------------------------------
function createFormatWrap(opts) {
    return new Format(opts);
  } [debug] 클라이언트가 접속했습니다.
function createFormatWrap(opts) {
    return new Format(opts);
  } [debug] [client]::1/unknown/insomnia(2021.7.2) /unknown
function createFormatWrap(opts) {
    return new Format(opts);
  } [debug] [PUT]http://localhost:3000/
function createFormatWrap(opts) {
    return new Format(opts);
  } [debug] 클라이언트의 접속이 종료되었습니다. ::: [runtime]2ms
function createFormatWrap(opts) {
    return new Format(opts);
  } [debug] ----------------------------------------
function createFormatWrap(opts) {
    return new Format(opts);
  } [debug] 클라이언트가 접속했습니다.
function createFormatWrap(opts) {
    return new Format(opts);
  } [debug] [client]::1/OS X/Chrome(97.0.4692.99) /Apple Mac
function createFormatWrap(opts) {
    return new Format(opts);
  } [debug] [GET]http://localhost:3000/posts
function createFormatWrap(opts) {
    return new Format(opts);
  } [debug] 클라이언트의 접속이 종료되었습니다. ::: [runtime]3ms
function createFormatWrap(opts) {
    return new Format(opts);
  } [debug] ----------------------------------------
function createFormatWrap(opts) {
    return new Format(opts);
  } [debug] 클라이언트가 접속했습니다.
function createFormatWrap(opts) {
    return new Format(opts);
  } [debug] [client]::1/OS X/Chrome(97.0.4692.99) /Apple Mac
function createFormatWrap(opts) {
    return new Format(opts);
  } [debug] [GET]http://localhost:3000/
function createFormatWrap(opts) {
    return new Format(opts);
  } [debug] 클라이언트의 접속이 종료되었습니다. ::: [runtime]1ms
function createFormatWrap(opts) {
    return new Format(opts);
  } [debug] ----------------------------------------
function createFormatWrap(opts) {
    return new Format(opts);
  } [debug] 클라이언트가 접속했습니다.
function createFormatWrap(opts) {
    return new Format(opts);
  } [debug] [client]::1/OS X/Chrome(97.0.4692.99) /Apple Mac
function createFormatWrap(opts) {
    return new Format(opts);
  } [debug] [GET]http://localhost:3000/
function createFormatWrap(opts) {
    return new Format(opts);
  } [debug] 클라이언트의 접속이 종료되었습니다. ::: [runtime]1ms
function createFormatWrap(opts) {
    return new Format(opts);
  } [debug] ----------------------------------------
function createFormatWrap(opts) {
    return new Format(opts);
  } [debug] 클라이언트가 접속했습니다.
function createFormatWrap(opts) {
    return new Format(opts);
  } [debug] [client]::1/OS X/Chrome(97.0.4692.99) /Apple Mac
function createFormatWrap(opts) {
    return new Format(opts);
  } [debug] [GET]http://localhost:3000/
function createFormatWrap(opts) {
    return new Format(opts);
  } [debug] 클라이언트의 접속이 종료되었습니다. ::: [runtime]2ms
function createFormatWrap(opts) {
    return new Format(opts);
  } [debug] ----------------------------------------
function createFormatWrap(opts) {
    return new Format(opts);
  } [debug] 클라이언트가 접속했습니다.
function createFormatWrap(opts) {
    return new Format(opts);
  } [debug] [client]::1/OS X/Chrome(97.0.4692.99) /Apple Mac
function createFormatWrap(opts) {
    return new Format(opts);
  } [debug] [GET]http://localhost:3000/department/
function createFormatWrap(opts) {
    return new Format(opts);
  } [debug] 클라이언트가 접속했습니다.
function createFormatWrap(opts) {
    return new Format(opts);
  } [debug] [client]::1/OS X/Chrome(97.0.4692.99) /Apple Mac
function createFormatWrap(opts) {
    return new Format(opts);
  } [debug] [GET]http://localhost:3000/
function createFormatWrap(opts) {
    return new Format(opts);
  } [debug] 클라이언트의 접속이 종료되었습니다. ::: [runtime]3ms
function createFormatWrap(opts) {
    return new Format(opts);
  } [debug] ----------------------------------------
